layer-atlas-messenger/build/outputs/logs/manifest-merger-debug-report.txt
-- Merging decision tree log ---
manifest
ADDED from AndroidManifest.xml:16:1
	package
		ADDED from AndroidManifest.xml:17:5
		INJECTED from AndroidManifest.xml:0:0
		INJECTED from AndroidManifest.xml:0:0
	android:versionName
		ADDED from AndroidManifest.xml:19:5
		INJECTED from AndroidManifest.xml:0:0
		INJECTED from AndroidManifest.xml:0:0
	android:versionCode
		ADDED from AndroidManifest.xml:18:5
		INJECTED from AndroidManifest.xml:0:0
		INJECTED from AndroidManifest.xml:0:0
	xmlns:android
		ADDED from AndroidManifest.xml:16:11
uses-sdk
ADDED from AndroidManifest.xml:21:5
MERGED from UCRTinder:layer-atlas:unspecified:21:5
MERGED from com.layer.sdk:layer-sdk:0.16.0:7:5
MERGED from com.google.android.gms:play-services-gcm:7.5.0:18:5
MERGED from com.google.android.gms:play-services-base:7.5.0:18:5
MERGED from com.android.support:support-v4:22.2.1:20:5
	android:targetSdkVersion
		ADDED from AndroidManifest.xml:23:9
		INJECTED from AndroidManifest.xml:0:0
		INJECTED from AndroidManifest.xml:0:0
	android:minSdkVersion
		ADDED from AndroidManifest.xml:22:9
		INJECTED from AndroidManifest.xml:0:0
		INJECTED from AndroidManifest.xml:0:0
uses-permission#android.permission.INTERNET
ADDED from AndroidManifest.xml:29:5
MERGED from com.layer.sdk:layer-sdk:0.16.0:13:5
	android:name
		ADDED from AndroidManifest.xml:29:22
uses-permission#android.permission.ACCESS_NETWORK_STATE
ADDED from AndroidManifest.xml:30:5
MERGED from com.layer.sdk:layer-sdk:0.16.0:11:5
	android:name
		ADDED from AndroidManifest.xml:30:22
uses-permission#android.permission.GET_ACCOUNTS
ADDED from AndroidManifest.xml:31:5
MERGED from com.layer.sdk:layer-sdk:0.16.0:12:5
	android:name
		ADDED from AndroidManifest.xml:31:22
uses-permission#android.permission.READ_PHONE_STATE
ADDED from AndroidManifest.xml:32:5
	android:name
		ADDED from AndroidManifest.xml:32:22
uses-permission#android.permission.WAKE_LOCK
ADDED from AndroidManifest.xml:35:5
MERGED from com.layer.sdk:layer-sdk:0.16.0:14:5
	android:name
		ADDED from AndroidManifest.xml:35:22
uses-permission#com.google.android.c2dm.permission.RECEIVE
ADDED from AndroidManifest.xml:36:5
MERGED from com.layer.sdk:layer-sdk:0.16.0:15:5
	android:name
		ADDED from AndroidManifest.xml:36:22
uses-permission#android.permission.CAMERA
ADDED from AndroidManifest.xml:39:5
	android:name
		ADDED from AndroidManifest.xml:39:22
uses-feature#android.hardware.camera
ADDED from AndroidManifest.xml:40:5
	android:required
		ADDED from AndroidManifest.xml:40:58
	android:name
		ADDED from AndroidManifest.xml:40:19
uses-feature#android.hardware.camera.front
ADDED from AndroidManifest.xml:41:5
	android:required
		ADDED from AndroidManifest.xml:41:64
	android:name
		ADDED from AndroidManifest.xml:41:19
uses-feature#android.hardware.camera.autofocus
ADDED from AndroidManifest.xml:42:5
	android:required
		ADDED from AndroidManifest.xml:42:68
	android:name
		ADDED from AndroidManifest.xml:42:19
uses-feature#android.hardware.camera.flash
ADDED from AndroidManifest.xml:43:5
	android:required
		ADDED from AndroidManifest.xml:43:64
	android:name
		ADDED from AndroidManifest.xml:43:19
uses-feature#android.hardware.screen.landscape
ADDED from AndroidManifest.xml:44:5
	android:required
		ADDED from AndroidManifest.xml:44:68
	android:name
		ADDED from AndroidManifest.xml:44:19
uses-feature#android.hardware.wifi
ADDED from AndroidManifest.xml:45:5
	android:required
		ADDED from AndroidManifest.xml:45:56
	android:name
		ADDED from AndroidManifest.xml:45:19
uses-permission#android.permission.WRITE_EXTERNAL_STORAGE
ADDED from AndroidManifest.xml:48:5
	android:maxSdkVersion
		ADDED from AndroidManifest.xml:48:79
	android:name
		ADDED from AndroidManifest.xml:48:22
uses-permission#android.permission.READ_EXTERNAL_STORAGE
ADDED from AndroidManifest.xml:49:5
	android:name
		ADDED from AndroidManifest.xml:49:22
uses-permission#android.permission.ACCESS_COARSE_LOCATION
ADDED from AndroidManifest.xml:52:5
	android:name
		ADDED from AndroidManifest.xml:52:22
uses-permission#android.permission.ACCESS_FINE_LOCATION
ADDED from AndroidManifest.xml:53:5
	android:name
		ADDED from AndroidManifest.xml:53:22
application
ADDED from AndroidManifest.xml:55:5
MERGED from UCRTinder:layer-atlas:unspecified:25:5
MERGED from com.layer.sdk:layer-sdk:0.16.0:17:5
MERGED from com.google.android.gms:play-services-gcm:7.5.0:19:5
MERGED from com.google.android.gms:play-services-base:7.5.0:20:5
MERGED from com.android.support:support-v4:22.2.1:22:5
	android:label
		ADDED from AndroidManifest.xml:59:9
	android:allowBackup
		ADDED from AndroidManifest.xml:57:9
	android:icon
		ADDED from AndroidManifest.xml:58:9
	android:theme
		ADDED from AndroidManifest.xml:60:9
	android:name
		ADDED from AndroidManifest.xml:56:9
activity#com.layer.atlas.messenger.AtlasConversationsScreen
ADDED from AndroidManifest.xml:62:9
	android:screenOrientation
		ADDED from AndroidManifest.xml:64:13
	android:label
		ADDED from AndroidManifest.xml:65:13
	android:name
		ADDED from AndroidManifest.xml:63:13
intent-filter#android.intent.action.MAIN+android.intent.category.LAUNCHER
ADDED from AndroidManifest.xml:66:13
action#android.intent.action.MAIN
ADDED from AndroidManifest.xml:67:17
	android:name
		ADDED from AndroidManifest.xml:67:25
category#android.intent.category.LAUNCHER
ADDED from AndroidManifest.xml:68:17
	android:name
		ADDED from AndroidManifest.xml:68:27
activity#com.layer.atlas.messenger.AtlasMessagesScreen
ADDED from AndroidManifest.xml:72:9
	android:screenOrientation
		ADDED from AndroidManifest.xml:75:13
	android:label
		ADDED from AndroidManifest.xml:76:13
	android:configChanges
		ADDED from AndroidManifest.xml:74:13
	android:name
		ADDED from AndroidManifest.xml:73:13
activity#com.layer.atlas.messenger.AtlasConversationSettingsScreen
ADDED from AndroidManifest.xml:79:9
	android:screenOrientation
		ADDED from AndroidManifest.xml:83:13
	android:label
		ADDED from AndroidManifest.xml:84:13
	android:windowSoftInputMode
		ADDED from AndroidManifest.xml:81:13
	android:configChanges
		ADDED from AndroidManifest.xml:82:13
	android:name
		ADDED from AndroidManifest.xml:80:13
activity#com.layer.atlas.messenger.AtlasSettingsScreen
ADDED from AndroidManifest.xml:87:9
	android:screenOrientation
		ADDED from AndroidManifest.xml:89:13
	android:label
		ADDED from AndroidManifest.xml:90:13
	android:name
		ADDED from AndroidManifest.xml:88:13
activity#com.layer.atlas.messenger.AtlasLoginScreen
ADDED from AndroidManifest.xml:93:9
	android:screenOrientation
		ADDED from AndroidManifest.xml:96:13
	android:label
		ADDED from AndroidManifest.xml:97:13
	android:windowSoftInputMode
		ADDED from AndroidManifest.xml:95:13
	android:name
		ADDED from AndroidManifest.xml:94:13
activity#com.layer.atlas.messenger.AtlasParticipantPickersScreen
ADDED from AndroidManifest.xml:100:9
	android:screenOrientation
		ADDED from AndroidManifest.xml:103:13
	android:label
		ADDED from AndroidManifest.xml:104:13
	android:configChanges
		ADDED from AndroidManifest.xml:102:13
	android:name
		ADDED from AndroidManifest.xml:101:13
activity#com.layer.atlas.messenger.AtlasImageViewScreen
ADDED from AndroidManifest.xml:107:9
	android:configChanges
		ADDED from AndroidManifest.xml:109:13
	android:name
		ADDED from AndroidManifest.xml:108:13
activity#com.layer.atlas.messenger.AtlasQRCaptureScreen
ADDED from AndroidManifest.xml:113:9
	android:clearTaskOnLaunch
		ADDED from AndroidManifest.xml:114:19
	android:screenOrientation
		ADDED from AndroidManifest.xml:115:19
	android:stateNotNeeded
		ADDED from AndroidManifest.xml:116:19
	android:windowSoftInputMode
		ADDED from AndroidManifest.xml:118:19
	android:theme
		ADDED from AndroidManifest.xml:117:19
	android:name
		ADDED from AndroidManifest.xml:113:19
receiver#com.layer.atlas.messenger.MessengerPushReceiver
ADDED from AndroidManifest.xml:120:9
	android:name
		ADDED from AndroidManifest.xml:120:19
intent-filter#com.layer.atlas.messenger+com.layer.sdk.PUSH
ADDED from AndroidManifest.xml:121:13
action#com.layer.sdk.PUSH
ADDED from AndroidManifest.xml:122:17
	android:name
		ADDED from AndroidManifest.xml:122:25
category#com.layer.atlas.messenger
ADDED from AndroidManifest.xml:123:17
	android:name
		ADDED from AndroidManifest.xml:123:27
intent-filter#android.intent.action.BOOT_COMPLETED+com.layer.atlas.messenger
ADDED from AndroidManifest.xml:125:13
action#android.intent.action.BOOT_COMPLETED
ADDED from AndroidManifest.xml:126:17
	android:name
		ADDED from AndroidManifest.xml:126:25
receiver#com.layer.sdk.services.GcmBroadcastReceiver
ADDED from AndroidManifest.xml:137:9
	android:permission
		ADDED from AndroidManifest.xml:139:13
	android:name
		ADDED from AndroidManifest.xml:138:13
intent-filter#com.google.android.c2dm.intent.RECEIVE+com.google.android.c2dm.intent.REGISTER+com.google.android.c2dm.intent.REGISTRATION+com.layer.atlas.messenger
ADDED from AndroidManifest.xml:140:13
action#com.google.android.c2dm.intent.REGISTRATION
ADDED from AndroidManifest.xml:141:17
	android:name
		ADDED from AndroidManifest.xml:141:25
action#com.google.android.c2dm.intent.REGISTER
ADDED from AndroidManifest.xml:142:17
	android:name
		ADDED from AndroidManifest.xml:142:25
action#com.google.android.c2dm.intent.RECEIVE
ADDED from AndroidManifest.xml:143:17
	android:name
		ADDED from AndroidManifest.xml:143:25
service#com.layer.sdk.services.GcmIntentService
ADDED from AndroidManifest.xml:148:9
MERGED from com.layer.sdk:layer-sdk:0.16.0:18:9
	android:name
		ADDED from AndroidManifest.xml:148:18
meta-data#com.google.android.gms.version
ADDED from com.google.android.gms:play-services-base:7.5.0:21:9
	android:value
		ADDED from com.google.android.gms:play-services-base:7.5.0:23:13
	android:name
		ADDED from com.google.android.gms:play-services-base:7.5.0:22:13